
ROM used:   888/8192 (11%)
            888/8192 (11%) including unused fragments

            0.7 Average locations per line
            5.3 Average locations per statement

RAM used:   12/368 (3%) at main() level
            27/368 (7%) worst case

Stack used: 5 worst case (5 in main + 0 for interrupts)
Stack size: 8

Lines Stmts  %   Files
----- ----- ---  -----
  127    68  40  main.c
  708     0   0  C:\pic\PIC2\Devices\16F877A.h
  456   100  60  C:\pic\PIC2\Drivers\lcd.c
----- -----
 1291   168 Total

Page ROM  %  RAM    Vol Diff  Functions:
---- --- --- ---    --- ----  ----------
0     20   2    1             @delay_ms1
 Inline         3    760  4.5  lcd_read_byte
0     37   4    2    262  3.7  lcd_read_nibble
0     28   3    1    399  2.4  lcd_send_nibble
0     69   8    3    415  3.7  lcd_send_byte
0     63   7    6    852  6.2  lcd_init
0     18   2    4    208  6.3  lcd_gotoxy
0     44   5    1    354  4.7  lcd_putc
0    100  11    2    176  4.4  doc_lm35
 Inline         5             @MUL1616
 Inline         5             @DIV1616
0     18   2    0    156  3.4  nn_mod
0     23   3    0    197  4.0  nn_tang
0     19   2    0    197  4.0  nn_giam
0    186  21    1    364  3.2  hienthi
0      9   1    0             @const752
0     87  10    5             @PSTRINGCN7_724
0     21   2    3             @DIV88
0     53   6    2             @PRINTF_U_724
0      8   1    0             @const761
0      9   1    0             @const762
 Inline         4             @PSTRINGC7_724
0      8   1    0             @const767
0     64   7    0    431  3.3  MAIN
 Inline         0             @cinit1

Program metrics:
    Functions               13
    Statements              168
    Comments                234
    Volume (V)              7923
    Difficulty (D)          52.7
    Effort to implement (E) 417812
    Time to implement (T)   6 hours, 27 minutes
    Est Delivered Bugs (B)  2
    Cyclomatic Complexity   19
    Maintainability (MI)    110

 Segment     Used  Free
-----------  ----  ----
00000-00003     4  0  
00004-007FF   884  1160  
00800-00FFF     0  2048  
01000-017FF     0  2048  
01800-01FFF     0  2048  



